<?xml version="1.0" encoding="UTF-8"?>
<!-- Generated by org.testng.reporters.JUnitReportReporter -->
<testsuite hostname="DESKTOP-V77G50P" failures="0" tests="1" name="testscripts.SecondTest" time="5.393" errors="0" timestamp="2023-01-30T01:15:50 IST" skipped="0">
  <testcase classname="testscripts.SecondTest" name="secondTest" time="5.393"/>
  <system-out/>
</testsuite> <!-- testscripts.SecondTest -->
