<?xml version="1.0" encoding="UTF-8"?>
<!-- Generated by org.testng.reporters.JUnitReportReporter -->
<testsuite hostname="DESKTOP-V77G50P" failures="0" tests="1" name="testscripts.FirstTest" time="3.926" errors="0" timestamp="2023-01-30T00:43:38 IST" skipped="0">
  <testcase classname="testscripts.FirstTest" name="firstTest" time="3.926"/>
  <system-out/>
</testsuite> <!-- testscripts.FirstTest -->
